<?xml version="1.0" encoding="UTF-8"?>
<testng-results skipped="0" failed="0" total="1" passed="1">
  <reporter-output>
  </reporter-output>
  <suite name="Default suite" duration-ms="59" started-at="2016-02-05T18:18:07Z" finished-at="2016-02-05T18:18:07Z">
    <groups>
    </groups>
    <test name="Default test" duration-ms="59" started-at="2016-02-05T18:18:07Z" finished-at="2016-02-05T18:18:07Z">
      <class name="testprograms.TestSwapTwoNumbers">
        <test-method status="PASS" signature="f()[pri:0, instance:testprograms.TestSwapTwoNumbers@f5f2bb7]" name="f" duration-ms="23" started-at="2016-02-05T10:18:07Z" finished-at="2016-02-05T10:18:07Z">
          <reporter-output>
          </reporter-output>
        </test-method> <!-- f -->
      </class> <!-- testprograms.TestSwapTwoNumbers -->
    </test> <!-- Default test -->
  </suite> <!-- Default suite -->
</testng-results>
